<?xml version="1.0" encoding="UTF-8"?>
<!-- Generated by org.testng.reporters.JUnitReportReporter -->
<testsuite skipped="0" hostname="LP-BLR-JP-00049" name="com.Amazon.Tests.LoginTests" tests="1" failures="0" timestamp="2020-08-17T23:34:29 IST" time="29.906" errors="0">
  <testcase name="testSteps" time="29.906" classname="com.Amazon.Tests.LoginTests"/>
</testsuite> <!-- com.Amazon.Tests.LoginTests -->
